In file included from ../ext/bson.cc:4:0:
/opt/local/include/gcc47/c++/cstdlib:66:20: fatal error: stdlib.h: No such file or directory
compilation terminated.
make: *** [Release/obj.target/bson/ext/bson.o] Error 1
gyp ERR! build error 
gyp ERR! stack Error: `make` failed with exit code: 2
gyp ERR! stack     at ChildProcess.onExit (/opt/local/lib/node_modules/npm/node_modules/node-gyp/lib/build.js:267:23)
gyp ERR! stack     at ChildProcess.EventEmitter.emit (events.js:98:17)
gyp ERR! stack     at Process.ChildProcess._handle.onexit (child_process.js:789:12)
gyp ERR! System Darwin 13.1.0
gyp ERR! command "node" "/opt/local/lib/node_modules/npm/node_modules/node-gyp/bin/node-gyp.js" "rebuild"
gyp ERR! cwd /Users/jielu/Dropbox/workspace2013F/cs6675_portal/node_modules/mongojs/node_modules/mongodb/node_modules/bson
gyp ERR! node -v v0.10.24
gyp ERR! node-gyp -v v0.12.2
gyp ERR! not ok 
